1564603610943	mozrunner::runner	INFO	Running command: "/usr/bin/firefox" "-marionette" "-headless" "-foreground" "-no-remote" "-profile" "/tmp/rust_mozprofile.7yGoGoKfTjj0"
*** You are running in headless mode.
1564603611821	Marionette	INFO	Listening on port 44639
1564603611851	Marionette	WARN	TLS certificate errors will be ignored for this session
1564603611909	mozrunner::runner	INFO	Running command: "/usr/bin/firefox" "-marionette" "-foreground" "-no-remote" "-profile" "/tmp/rust_mozprofile.ET5gbPWFOOfx"
1564603612920	Marionette	INFO	Listening on port 41955
1564603613014	Marionette	WARN	TLS certificate errors will be ignored for this session
1564603613082	mozrunner::runner	INFO	Running command: "/usr/bin/firefox" "-marionette" "-foreground" "-no-remote" "-profile" "/tmp/rust_mozprofile.bqxIZ2n4FyVf"
1564603614167	Marionette	INFO	Listening on port 44137
1564603614186	Marionette	WARN	TLS certificate errors will be ignored for this session
JavaScript error: https://www.ebay.com/sch/i.html?_from=R40&_trksid=m570.l1313&_nkw=Shoes&_sacat=0, line 1: TypeError: The expression cannot be converted to return the specified type.
console.log: Accessibility service init or shutdown observer does not exist.
*** UTM:SVC TimerManager:registerTimer called after profile-before-change notification. Ignoring timer registration for id: telemetry_modules_ping
console.log: Accessibility service init or shutdown observer does not exist.
*** UTM:SVC TimerManager:registerTimer called after profile-before-change notification. Ignoring timer registration for id: telemetry_modules_ping
1564603661129	mozrunner::runner	INFO	Running command: "/usr/bin/firefox" "-marionette" "-headless" "-foreground" "-no-remote" "-profile" "/tmp/rust_mozprofile.L0tGmpkKifQp"
*** You are running in headless mode.
1564603662029	Marionette	INFO	Listening on port 41631
1564603662039	Marionette	WARN	TLS certificate errors will be ignored for this session
1564603662098	mozrunner::runner	INFO	Running command: "/usr/bin/firefox" "-marionette" "-foreground" "-no-remote" "-profile" "/tmp/rust_mozprofile.P1wj0J3Ynz6R"
1564603663119	Marionette	INFO	Listening on port 36257
1564603663201	Marionette	WARN	TLS certificate errors will be ignored for this session
1564603663249	mozrunner::runner	INFO	Running command: "/usr/bin/firefox" "-marionette" "-foreground" "-no-remote" "-profile" "/tmp/rust_mozprofile.xHVCd3NXFB5Z"
1564603664270	Marionette	INFO	Listening on port 33499
1564603664352	Marionette	WARN	TLS certificate errors will be ignored for this session
JavaScript error: https://www.ebay.com/sch/i.html?_from=R40&_trksid=m570.l1313&_nkw=Shoes&_sacat=0, line 1: TypeError: The expression cannot be converted to return the specified type.
JavaScript error: https://www.ebay.com/sch/i.html?_from=R40&_nkw=Shoes&_sacat=0&rt=nc&US%2520Shoe%2520Size%2520%2528Men%2527s%2529=10&_dcat=93427, line 1: TypeError: The expression cannot be converted to return the specified type.
JavaScript error: https://www.ebay.com/sch/i.html?_from=R40&_nkw=Shoes&_sacat=0&US%2520Shoe%2520Size%2520%2528Men%2527s%2529=10&rt=nc&Brand=PUMA&_dcat=93427, line 1: TypeError: The expression cannot be converted to return the specified type.
console.log: Accessibility service init or shutdown observer does not exist.

###!!! [Child][MessageChannel] Error: (msgtype=0x550027,name=PNecko::Msg_RemoveRequestContext) Channel closing: too late to send/recv, messages will be lost

[Child 24113, Chrome_ChildThread] WARNING: pipe error (3): Connection reset by peer: file /build/firefox-esr-Jz2l5x/firefox-esr-60.8.0esr/ipc/chromium/src/chrome/common/ipc_channel_posix.cc, line 342

###!!! [Child][RunMessage] Error: Channel closing: too late to send/recv, messages will be lost


###!!! [Child][RunMessage] Error: Channel closing: too late to send/recv, messages will be lost


###!!! [Child][RunMessage] Error: Channel closing: too late to send/recv, messages will be lost


###!!! [Child][RunMessage] Error: Channel closing: too late to send/recv, messages will be lost


###!!! [Child][RunMessage] Error: Channel closing: too late to send/recv, messages will be lost


###!!! [Child][RunMessage] Error: Channel closing: too late to send/recv, messages will be lost


###!!! [Child][RunMessage] Error: Channel closing: too late to send/recv, messages will be lost


###!!! [Child][RunMessage] Error: Channel closing: too late to send/recv, messages will be lost


###!!! [Child][RunMessage] Error: Channel closing: too late to send/recv, messages will be lost


###!!! [Child][RunMessage] Error: Channel closing: too late to send/recv, messages will be lost


###!!! [Child][RunMessage] Error: Channel closing: too late to send/recv, messages will be lost

*** UTM:SVC TimerManager:registerTimer called after profile-before-change notification. Ignoring timer registration for id: telemetry_modules_ping
console.log: Accessibility service init or shutdown observer does not exist.
*** UTM:SVC TimerManager:registerTimer called after profile-before-change notification. Ignoring timer registration for id: telemetry_modules_ping
1564609672007	mozrunner::runner	INFO	Running command: "/usr/bin/firefox" "-marionette" "-foreground" "-no-remote" "-profile" "/tmp/rust_mozprofile.xDMb5Znyf6qz"
1564609673044	Marionette	INFO	Listening on port 33503
1564609673116	Marionette	WARN	TLS certificate errors will be ignored for this session
1564609673163	mozrunner::runner	INFO	Running command: "/usr/bin/firefox" "-marionette" "-foreground" "-no-remote" "-profile" "/tmp/rust_mozprofile.CBUjs9M1XUXg"
1564609674297	Marionette	INFO	Listening on port 45493
1564609674369	Marionette	WARN	TLS certificate errors will be ignored for this session
1564609674415	mozrunner::runner	INFO	Running command: "/usr/bin/firefox" "-marionette" "-foreground" "-no-remote" "-profile" "/tmp/rust_mozprofile.yoNqD3k5jjcK"
1564609675532	Marionette	INFO	Listening on port 41257
1564609675619	Marionette	WARN	TLS certificate errors will be ignored for this session
JavaScript error: https://www.ebay.com/sch/i.html?_from=R40&_trksid=m570.l1313&_nkw=Shoes&_sacat=0, line 1: TypeError: The expression cannot be converted to return the specified type.
JavaScript error: https://www.ebay.com/sch/i.html?_from=R40&_nkw=Shoes&_sacat=0&rt=nc&US%2520Shoe%2520Size%2520%2528Men%2527s%2529=10&_dcat=93427, line 1: TypeError: The expression cannot be converted to return the specified type.
JavaScript error: https://assets.adobedtm.com/d666b72077d3e9ab07d9cb850cfc69b0100746ff/dil-contents-85c556f6d017ca50d37b42a74e7bff9375001fff.js, line 48: TypeError: e is null
JavaScript error: https://www.ebay.com/sch/i.html?_from=R40&_nkw=Shoes&_sacat=0&US%2520Shoe%2520Size%2520%2528Men%2527s%2529=10&rt=nc&Brand=PUMA&_dcat=93427, line 1: TypeError: The expression cannot be converted to return the specified type.
console.log: Accessibility service init or shutdown observer does not exist.
[Parent 27797, Gecko_IOThread] WARNING: pipe error: Broken pipe: file /build/firefox-esr-Jz2l5x/firefox-esr-60.8.0esr/ipc/chromium/src/chrome/common/ipc_channel_posix.cc, line 694

###!!! [Child][RunMessage] Error: Channel closing: too late to send/recv, messages will be lost


###!!! [Child][RunMessage] Error: Channel closing: too late to send/recv, messages will be lost


###!!! [Child][RunMessage] Error: Channel closing: too late to send/recv, messages will be lost


###!!! [Child][RunMessage] Error: Channel closing: too late to send/recv, messages will be lost


###!!! [Child][RunMessage] Error: Channel closing: too late to send/recv, messages will be lost


###!!! [Child][RunMessage] Error: Channel closing: too late to send/recv, messages will be lost


###!!! [Child][RunMessage] Error: Channel closing: too late to send/recv, messages will be lost


###!!! [Child][RunMessage] Error: Channel closing: too late to send/recv, messages will be lost

*** UTM:SVC TimerManager:registerTimer called after profile-before-change notification. Ignoring timer registration for id: telemetry_modules_ping
console.log: Accessibility service init or shutdown observer does not exist.
*** UTM:SVC TimerManager:registerTimer called after profile-before-change notification. Ignoring timer registration for id: telemetry_modules_ping
console.log: Accessibility service init or shutdown observer does not exist.
*** UTM:SVC TimerManager:registerTimer called after profile-before-change notification. Ignoring timer registration for id: telemetry_modules_ping
1564609749034	mozrunner::runner	INFO	Running command: "/usr/bin/firefox" "-marionette" "-foreground" "-no-remote" "-profile" "/tmp/rust_mozprofile.hPJ4vIssuvTa"
1564609750122	Marionette	INFO	Listening on port 40423
1564609750139	Marionette	WARN	TLS certificate errors will be ignored for this session
1564609750196	mozrunner::runner	INFO	Running command: "/usr/bin/firefox" "-marionette" "-foreground" "-no-remote" "-profile" "/tmp/rust_mozprofile.1OokMNheqBnN"
1564609751330	Marionette	INFO	Listening on port 41203
1564609751400	Marionette	WARN	TLS certificate errors will be ignored for this session
JavaScript error: https://www.ebay.com/sch/i.html?_from=R40&_trksid=m570.l1313&_nkw=Shoes&_sacat=0, line 1: TypeError: The expression cannot be converted to return the specified type.
JavaScript error: https://www.ebay.com/sch/i.html?_from=R40&_nkw=Shoes&_sacat=0&rt=nc&US%2520Shoe%2520Size%2520%2528Men%2527s%2529=10&_dcat=93427, line 1: TypeError: The expression cannot be converted to return the specified type.
JavaScript error: https://assets.adobedtm.com/d666b72077d3e9ab07d9cb850cfc69b0100746ff/dil-contents-85c556f6d017ca50d37b42a74e7bff9375001fff.js, line 48: TypeError: e is null
JavaScript error: https://www.ebay.com/sch/i.html?_from=R40&_nkw=Shoes&_sacat=0&US%2520Shoe%2520Size%2520%2528Men%2527s%2529=10&rt=nc&Brand=PUMA&_dcat=93427, line 1: TypeError: The expression cannot be converted to return the specified type.
JavaScript error: https://www.ebay.com/sch/i.html?_from=R40&_nkw=Shoes&_sacat=0&US%2520Shoe%2520Size%2520%2528Men%2527s%2529=10&Brand=PUMA&_dcat=93427&_sop=15, line 1: TypeError: The expression cannot be converted to return the specified type.
console.log: Accessibility service init or shutdown observer does not exist.
[Child 28213, Chrome_ChildThread] WARNING: pipe error (3): Connection reset by peer: file /build/firefox-esr-Jz2l5x/firefox-esr-60.8.0esr/ipc/chromium/src/chrome/common/ipc_channel_posix.cc, line 342
*** UTM:SVC TimerManager:registerTimer called after profile-before-change notification. Ignoring timer registration for id: telemetry_modules_ping
console.log: Accessibility service init or shutdown observer does not exist.
*** UTM:SVC TimerManager:registerTimer called after profile-before-change notification. Ignoring timer registration for id: telemetry_modules_ping
1564609818022	mozrunner::runner	INFO	Running command: "/usr/bin/firefox" "-marionette" "-foreground" "-no-remote" "-profile" "/tmp/rust_mozprofile.jrb7w4uJ2X0D"
1564609819125	Marionette	INFO	Listening on port 39057
1564609819225	Marionette	WARN	TLS certificate errors will be ignored for this session
JavaScript error: https://www.ebay.com/sch/i.html?_from=R40&_trksid=m570.l1313&_nkw=Shoes&_sacat=0, line 1: TypeError: The expression cannot be converted to return the specified type.
JavaScript error: https://www.ebay.com/sch/i.html?_from=R40&_nkw=Shoes&_sacat=0&rt=nc&US%2520Shoe%2520Size%2520%2528Men%2527s%2529=10&_dcat=93427, line 1: TypeError: The expression cannot be converted to return the specified type.
JavaScript error: https://assets.adobedtm.com/d666b72077d3e9ab07d9cb850cfc69b0100746ff/dil-contents-85c556f6d017ca50d37b42a74e7bff9375001fff.js, line 48: TypeError: e is null
JavaScript error: https://www.ebay.com/sch/i.html?_from=R40&_nkw=Shoes&_sacat=0&US%2520Shoe%2520Size%2520%2528Men%2527s%2529=10&rt=nc&Brand=PUMA&_dcat=93427, line 1: TypeError: The expression cannot be converted to return the specified type.
JavaScript error: https://www.ebay.com/sch/i.html?_from=R40&_nkw=Shoes&_sacat=0&US%2520Shoe%2520Size%2520%2528Men%2527s%2529=10&Brand=PUMA&_dcat=93427&_sop=15, line 1: TypeError: The expression cannot be converted to return the specified type.
console.log: Accessibility service init or shutdown observer does not exist.
[Child 28404, Chrome_ChildThread] WARNING: pipe error (3): Connection reset by peer: file /build/firefox-esr-Jz2l5x/firefox-esr-60.8.0esr/ipc/chromium/src/chrome/common/ipc_channel_posix.cc, line 342
*** UTM:SVC TimerManager:registerTimer called after profile-before-change notification. Ignoring timer registration for id: telemetry_modules_ping
1564611781044	mozrunner::runner	INFO	Running command: "/usr/bin/firefox" "-marionette" "-foreground" "-no-remote" "-profile" "/tmp/rust_mozprofile.FZXGejwNJGnG"
1564611782125	Marionette	INFO	Listening on port 33025
1564611782150	Marionette	WARN	TLS certificate errors will be ignored for this session
console.log: Accessibility service init or shutdown observer does not exist.
*** UTM:SVC TimerManager:registerTimer called after profile-before-change notification. Ignoring timer registration for id: telemetry_modules_ping
1564612183736	mozrunner::runner	INFO	Running command: "/usr/bin/firefox" "-marionette" "-foreground" "-no-remote" "-profile" "/tmp/rust_mozprofile.PTANf950TYbP"
1564612184792	Marionette	INFO	Listening on port 33889
1564612184847	Marionette	WARN	TLS certificate errors will be ignored for this session
JavaScript error: https://www.ebay.com/sch/i.html?_from=R40&_trksid=m570.l1313&_nkw=Shoes&_sacat=0, line 1: TypeError: The expression cannot be converted to return the specified type.
JavaScript error: https://www.ebay.com/sch/i.html?_from=R40&_nkw=Shoes&_sacat=0&rt=nc&US%2520Shoe%2520Size%2520%2528Men%2527s%2529=10&_dcat=93427, line 1: TypeError: The expression cannot be converted to return the specified type.
console.log: Accessibility service init or shutdown observer does not exist.
*** UTM:SVC TimerManager:registerTimer called after profile-before-change notification. Ignoring timer registration for id: telemetry_modules_ping
1564612691181	mozrunner::runner	INFO	Running command: "/usr/bin/firefox" "-marionette" "-foreground" "-no-remote" "-profile" "/tmp/rust_mozprofile.32F5eWSeQMby"
1564612692229	Marionette	INFO	Listening on port 40905
1564612692294	Marionette	WARN	TLS certificate errors will be ignored for this session
console.log: Accessibility service init or shutdown observer does not exist.
[Parent 31520, Gecko_IOThread] WARNING: pipe error (75): Connection reset by peer: file /build/firefox-esr-Jz2l5x/firefox-esr-60.8.0esr/ipc/chromium/src/chrome/common/ipc_channel_posix.cc, line 342
*** UTM:SVC TimerManager:registerTimer called after profile-before-change notification. Ignoring timer registration for id: telemetry_modules_ping
1564613224884	mozrunner::runner	INFO	Running command: "/usr/bin/firefox" "-marionette" "-foreground" "-no-remote" "-profile" "/tmp/rust_mozprofile.snL1v9Z7jG9B"
1564613225929	Marionette	INFO	Listening on port 37901
1564613225990	Marionette	WARN	TLS certificate errors will be ignored for this session
console.log: Accessibility service init or shutdown observer does not exist.
*** UTM:SVC TimerManager:registerTimer called after profile-before-change notification. Ignoring timer registration for id: telemetry_modules_ping
1564613302036	mozrunner::runner	INFO	Running command: "/usr/bin/firefox" "-marionette" "-foreground" "-no-remote" "-profile" "/tmp/rust_mozprofile.BFScOn5AnoFn"
1564613303155	Marionette	INFO	Listening on port 43241
1564613303239	Marionette	WARN	TLS certificate errors will be ignored for this session
console.log: Accessibility service init or shutdown observer does not exist.
*** UTM:SVC TimerManager:registerTimer called after profile-before-change notification. Ignoring timer registration for id: telemetry_modules_ping
1564613349524	mozrunner::runner	INFO	Running command: "/usr/bin/firefox" "-marionette" "-foreground" "-no-remote" "-profile" "/tmp/rust_mozprofile.yU95hImL4i9v"
1564613350589	Marionette	INFO	Listening on port 41477
1564613350632	Marionette	WARN	TLS certificate errors will be ignored for this session
JavaScript error: https://assets.adobedtm.com/d666b72077d3e9ab07d9cb850cfc69b0100746ff/satelliteLib-4015f254cd3c11b97219ce6c8b668b778bd61dfa.js, line 13: TypeError: n.getElementById(...) is null
console.log: Accessibility service init or shutdown observer does not exist.
*** UTM:SVC TimerManager:registerTimer called after profile-before-change notification. Ignoring timer registration for id: telemetry_modules_ping
1564613457403	mozrunner::runner	INFO	Running command: "/usr/bin/firefox" "-marionette" "-foreground" "-no-remote" "-profile" "/tmp/rust_mozprofile.CWR0LO0saKOc"
1564613458462	Marionette	INFO	Listening on port 35185
1564613458509	Marionette	WARN	TLS certificate errors will be ignored for this session
JavaScript error: https://assets.adobedtm.com/d666b72077d3e9ab07d9cb850cfc69b0100746ff/satelliteLib-4015f254cd3c11b97219ce6c8b668b778bd61dfa.js, line 13: TypeError: n.getElementById(...) is null
console.log: Accessibility service init or shutdown observer does not exist.
IPDL protocol error: Handler returned error code!

###!!! [Parent][DispatchAsyncMessage] Error: PLayerTransaction::Msg_ReleaseLayer Processing error: message was deserialized, but the handler returned false (indicating failure)

IPDL protocol error: Handler returned error code!

###!!! [Parent][DispatchAsyncMessage] Error: PLayerTransaction::Msg_ReleaseLayer Processing error: message was deserialized, but the handler returned false (indicating failure)

IPDL protocol error: Handler returned error code!

###!!! [Parent][DispatchAsyncMessage] Error: PLayerTransaction::Msg_ReleaseLayer Processing error: message was deserialized, but the handler returned false (indicating failure)

IPDL protocol error: Handler returned error code!

###!!! [Parent][DispatchAsyncMessage] Error: PLayerTransaction::Msg_ReleaseLayer Processing error: message was deserialized, but the handler returned false (indicating failure)

IPDL protocol error: Handler returned error code!

###!!! [Parent][DispatchAsyncMessage] Error: PLayerTransaction::Msg_ReleaseLayer Processing error: message was deserialized, but the handler returned false (indicating failure)

IPDL protocol error: Handler returned error code!

###!!! [Parent][DispatchAsyncMessage] Error: PLayerTransaction::Msg_ReleaseLayer Processing error: message was deserialized, but the handler returned false (indicating failure)

IPDL protocol error: Handler returned error code!

###!!! [Parent][DispatchAsyncMessage] Error: PLayerTransaction::Msg_ReleaseLayer Processing error: message was deserialized, but the handler returned false (indicating failure)

IPDL protocol error: Handler returned error code!

###!!! [Parent][DispatchAsyncMessage] Error: PLayerTransaction::Msg_ReleaseLayer Processing error: message was deserialized, but the handler returned false (indicating failure)

IPDL protocol error: Handler returned error code!

###!!! [Parent][DispatchAsyncMessage] Error: PLayerTransaction::Msg_ReleaseLayer Processing error: message was deserialized, but the handler returned false (indicating failure)

[Child 32595, Chrome_ChildThread] WARNING: pipe error (3): Connection reset by peer: file /build/firefox-esr-Jz2l5x/firefox-esr-60.8.0esr/ipc/chromium/src/chrome/common/ipc_channel_posix.cc, line 342

###!!! [Child][RunMessage] Error: Channel closing: too late to send/recv, messages will be lost

*** UTM:SVC TimerManager:registerTimer called after profile-before-change notification. Ignoring timer registration for id: telemetry_modules_ping
1564613534095	mozrunner::runner	INFO	Running command: "/usr/bin/firefox" "-marionette" "-foreground" "-no-remote" "-profile" "/tmp/rust_mozprofile.b8lPYb0l0Y0m"
1564613535178	Marionette	INFO	Listening on port 45761
1564613535200	Marionette	WARN	TLS certificate errors will be ignored for this session
JavaScript error: https://www.ebay.com/sch/i.html?_from=R40&_trksid=m570.l1313&_nkw=Shoes&_sacat=0, line 1: TypeError: The expression cannot be converted to return the specified type.
JavaScript error: https://www.ebay.com/sch/i.html?_from=R40&_nkw=Shoes&_sacat=0&rt=nc&US%2520Shoe%2520Size%2520%2528Men%2527s%2529=10&_dcat=93427, line 1: TypeError: The expression cannot be converted to return the specified type.
JavaScript error: https://assets.adobedtm.com/d666b72077d3e9ab07d9cb850cfc69b0100746ff/dil-contents-85c556f6d017ca50d37b42a74e7bff9375001fff.js, line 48: TypeError: e is null
JavaScript error: https://www.ebay.com/sch/i.html?_from=R40&_nkw=Shoes&_sacat=0&US%2520Shoe%2520Size%2520%2528Men%2527s%2529=10&rt=nc&Brand=PUMA&_dcat=93427, line 1: TypeError: The expression cannot be converted to return the specified type.
JavaScript error: https://www.ebay.com/sch/i.html?_from=R40&_nkw=Shoes&_sacat=0&US%2520Shoe%2520Size%2520%2528Men%2527s%2529=10&Brand=PUMA&_dcat=93427&_sop=15, line 1: TypeError: The expression cannot be converted to return the specified type.
console.log: Accessibility service init or shutdown observer does not exist.
JavaScript error: https://assets.adobedtm.com/d666b72077d3e9ab07d9cb850cfc69b0100746ff/dil-contents-85c556f6d017ca50d37b42a74e7bff9375001fff.js, line 48: TypeError: e is null
[Child 336, Chrome_ChildThread] WARNING: pipe error: Broken pipe: file /build/firefox-esr-Jz2l5x/firefox-esr-60.8.0esr/ipc/chromium/src/chrome/common/ipc_channel_posix.cc, line 694
[Child 336, Chrome_ChildThread] WARNING: pipe error: Broken pipe: file /build/firefox-esr-Jz2l5x/firefox-esr-60.8.0esr/ipc/chromium/src/chrome/common/ipc_channel_posix.cc, line 694
[Child 336, Chrome_ChildThread] WARNING: pipe error: Broken pipe: file /build/firefox-esr-Jz2l5x/firefox-esr-60.8.0esr/ipc/chromium/src/chrome/common/ipc_channel_posix.cc, line 694
[Child 336, Chrome_ChildThread] WARNING: pipe error: Broken pipe: file /build/firefox-esr-Jz2l5x/firefox-esr-60.8.0esr/ipc/chromium/src/chrome/common/ipc_channel_posix.cc, line 694
[Child 336, Chrome_ChildThread] WARNING: pipe error: Broken pipe: file /build/firefox-esr-Jz2l5x/firefox-esr-60.8.0esr/ipc/chromium/src/chrome/common/ipc_channel_posix.cc, line 694
*** UTM:SVC TimerManager:registerTimer called after profile-before-change notification. Ignoring timer registration for id: telemetry_modules_ping
1564614712979	mozrunner::runner	INFO	Running command: "/usr/bin/firefox" "-marionette" "-foreground" "-no-remote" "-profile" "/tmp/rust_mozprofile.UlaecKVFTjHJ"
1564614714065	Marionette	INFO	Listening on port 42589
1564614714085	Marionette	WARN	TLS certificate errors will be ignored for this session
console.log: Accessibility service init or shutdown observer does not exist.
*** UTM:SVC TimerManager:registerTimer called after profile-before-change notification. Ignoring timer registration for id: telemetry_modules_ping
1564614716877	mozrunner::runner	INFO	Running command: "/usr/bin/firefox" "-marionette" "-foreground" "-no-remote" "-profile" "/tmp/rust_mozprofile.4I0loRi9NDTU"
1564614717945	Marionette	INFO	Listening on port 42887
1564614717988	Marionette	WARN	TLS certificate errors will be ignored for this session
JavaScript error: https://www.ebay.com/sch/i.html?_from=R40&_trksid=m570.l1313&_nkw=Shoes&_sacat=0, line 1: TypeError: The expression cannot be converted to return the specified type.
console.log: Accessibility service init or shutdown observer does not exist.
*** UTM:SVC TimerManager:registerTimer called after profile-before-change notification. Ignoring timer registration for id: telemetry_modules_ping
1564614724645	mozrunner::runner	INFO	Running command: "/usr/bin/firefox" "-marionette" "-foreground" "-no-remote" "-profile" "/tmp/rust_mozprofile.GXz2aK8XeXo0"
1564614725718	Marionette	INFO	Listening on port 44357
1564614725757	Marionette	WARN	TLS certificate errors will be ignored for this session
JavaScript error: https://assets.adobedtm.com/d666b72077d3e9ab07d9cb850cfc69b0100746ff/satelliteLib-4015f254cd3c11b97219ce6c8b668b778bd61dfa.js, line 13: TypeError: n.getElementById(...) is null
console.log: Accessibility service init or shutdown observer does not exist.
[Parent 1735, Gecko_IOThread] WARNING: pipe error: Broken pipe: file /build/firefox-esr-Jz2l5x/firefox-esr-60.8.0esr/ipc/chromium/src/chrome/common/ipc_channel_posix.cc, line 694
*** UTM:SVC TimerManager:registerTimer called after profile-before-change notification. Ignoring timer registration for id: telemetry_modules_ping
1564614946874	mozrunner::runner	INFO	Running command: "/usr/bin/firefox" "-marionette" "-foreground" "-no-remote" "-profile" "/tmp/rust_mozprofile.SCjIRnwBLsro"
1564614947973	Marionette	INFO	Listening on port 38779
1564614947983	Marionette	WARN	TLS certificate errors will be ignored for this session
console.log: Accessibility service init or shutdown observer does not exist.
*** UTM:SVC TimerManager:registerTimer called after profile-before-change notification. Ignoring timer registration for id: telemetry_modules_ping
1564614949887	mozrunner::runner	INFO	Running command: "/usr/bin/firefox" "-marionette" "-foreground" "-no-remote" "-profile" "/tmp/rust_mozprofile.TmKWswIt8EAL"
1564614951011	Marionette	INFO	Listening on port 45979
1564614951091	Marionette	WARN	TLS certificate errors will be ignored for this session
JavaScript error: https://www.ebay.com/sch/i.html?_from=R40&_trksid=m570.l1313&_nkw=Shoes&_sacat=0, line 1: TypeError: The expression cannot be converted to return the specified type.
console.log: Accessibility service init or shutdown observer does not exist.
*** UTM:SVC TimerManager:registerTimer called after profile-before-change notification. Ignoring timer registration for id: telemetry_modules_ping
1564614957874	mozrunner::runner	INFO	Running command: "/usr/bin/firefox" "-marionette" "-foreground" "-no-remote" "-profile" "/tmp/rust_mozprofile.VeeTvIyfyH1M"
1564614958925	Marionette	INFO	Listening on port 46855
1564614958983	Marionette	WARN	TLS certificate errors will be ignored for this session
JavaScript error: https://assets.adobedtm.com/d666b72077d3e9ab07d9cb850cfc69b0100746ff/satelliteLib-4015f254cd3c11b97219ce6c8b668b778bd61dfa.js, line 13: TypeError: n.getElementById(...) is null
console.log: Accessibility service init or shutdown observer does not exist.
*** UTM:SVC TimerManager:registerTimer called after profile-before-change notification. Ignoring timer registration for id: telemetry_modules_ping
1564615119980	mozrunner::runner	INFO	Running command: "/usr/bin/firefox" "-marionette" "-foreground" "-no-remote" "-profile" "/tmp/rust_mozprofile.0lmbtK9pogQj"
1564615121062	Marionette	INFO	Listening on port 41659
1564615121084	Marionette	WARN	TLS certificate errors will be ignored for this session
console.log: Accessibility service init or shutdown observer does not exist.
JavaScript error: resource:///modules/ContentMetaHandler.jsm, line 155: NS_ERROR_ILLEGAL_VALUE: Component returned failure code: 0x80070057 (NS_ERROR_ILLEGAL_VALUE) [nsIMessageSender.sendAsyncMessage]
*** UTM:SVC TimerManager:registerTimer called after profile-before-change notification. Ignoring timer registration for id: telemetry_modules_ping
1564615123140	mozrunner::runner	INFO	Running command: "/usr/bin/firefox" "-marionette" "-foreground" "-no-remote" "-profile" "/tmp/rust_mozprofile.SEd5Pc8BzEAJ"
1564615124280	Marionette	INFO	Listening on port 35869
1564615124349	Marionette	WARN	TLS certificate errors will be ignored for this session
JavaScript error: https://www.ebay.com/sch/i.html?_from=R40&_trksid=m570.l1313&_nkw=Shoes&_sacat=0, line 1: TypeError: The expression cannot be converted to return the specified type.
console.log: Accessibility service init or shutdown observer does not exist.
*** UTM:SVC TimerManager:registerTimer called after profile-before-change notification. Ignoring timer registration for id: telemetry_modules_ping
1564615131102	mozrunner::runner	INFO	Running command: "/usr/bin/firefox" "-marionette" "-foreground" "-no-remote" "-profile" "/tmp/rust_mozprofile.boYVzv2WNRdA"
1564615132156	Marionette	INFO	Listening on port 37501
1564615132207	Marionette	WARN	TLS certificate errors will be ignored for this session
JavaScript error: https://assets.adobedtm.com/d666b72077d3e9ab07d9cb850cfc69b0100746ff/satelliteLib-4015f254cd3c11b97219ce6c8b668b778bd61dfa.js, line 13: TypeError: n.getElementById(...) is null
console.log: Accessibility service init or shutdown observer does not exist.
*** UTM:SVC TimerManager:registerTimer called after profile-before-change notification. Ignoring timer registration for id: telemetry_modules_ping
1564615698835	mozrunner::runner	INFO	Running command: "/usr/bin/firefox" "-marionette" "-foreground" "-no-remote" "-profile" "/tmp/rust_mozprofile.JrZuzrastH1w"
1564615699932	Marionette	INFO	Listening on port 36489
1564615699942	Marionette	WARN	TLS certificate errors will be ignored for this session
console.log: Accessibility service init or shutdown observer does not exist.
JavaScript error: resource:///modules/ContentMetaHandler.jsm, line 155: NS_ERROR_ILLEGAL_VALUE: Component returned failure code: 0x80070057 (NS_ERROR_ILLEGAL_VALUE) [nsIMessageSender.sendAsyncMessage]
[Parent 3202, Gecko_IOThread] WARNING: pipe error: Broken pipe: file /build/firefox-esr-Jz2l5x/firefox-esr-60.8.0esr/ipc/chromium/src/chrome/common/ipc_channel_posix.cc, line 694
*** UTM:SVC TimerManager:registerTimer called after profile-before-change notification. Ignoring timer registration for id: telemetry_modules_ping
1564615701941	mozrunner::runner	INFO	Running command: "/usr/bin/firefox" "-marionette" "-foreground" "-no-remote" "-profile" "/tmp/rust_mozprofile.lHY1WNpaO5LC"
1564615703010	Marionette	INFO	Listening on port 37893
1564615703053	Marionette	WARN	TLS certificate errors will be ignored for this session
JavaScript error: https://www.ebay.com/sch/i.html?_from=R40&_trksid=m570.l1313&_nkw=Shoes&_sacat=0, line 1: TypeError: The expression cannot be converted to return the specified type.
console.log: Accessibility service init or shutdown observer does not exist.
*** UTM:SVC TimerManager:registerTimer called after profile-before-change notification. Ignoring timer registration for id: telemetry_modules_ping
1564615710883	mozrunner::runner	INFO	Running command: "/usr/bin/firefox" "-marionette" "-foreground" "-no-remote" "-profile" "/tmp/rust_mozprofile.s067YbIu6d1J"
1564615711983	Marionette	INFO	Listening on port 39245
1564615711993	Marionette	WARN	TLS certificate errors will be ignored for this session
JavaScript error: https://www.ebay.com/sch/i.html?_from=R40&_trksid=m570.l1313&_nkw=Shoes&_sacat=0, line 1: TypeError: The expression cannot be converted to return the specified type.
JavaScript error: https://www.ebay.com/sch/i.html?_from=R40&_nkw=Shoes&_sacat=0&rt=nc&US%2520Shoe%2520Size%2520%2528Men%2527s%2529=10&_dcat=93427, line 1: TypeError: The expression cannot be converted to return the specified type.
JavaScript error: https://assets.adobedtm.com/d666b72077d3e9ab07d9cb850cfc69b0100746ff/dil-contents-85c556f6d017ca50d37b42a74e7bff9375001fff.js, line 48: TypeError: e is null
JavaScript error: https://www.ebay.com/sch/i.html?_from=R40&_nkw=Shoes&_sacat=0&US%2520Shoe%2520Size%2520%2528Men%2527s%2529=10&rt=nc&Brand=PUMA&_dcat=93427, line 1: TypeError: The expression cannot be converted to return the specified type.
JavaScript error: https://www.ebay.com/sch/i.html?_from=R40&_nkw=Shoes&_sacat=0&US%2520Shoe%2520Size%2520%2528Men%2527s%2529=10&Brand=PUMA&_dcat=93427&_sop=15, line 1: TypeError: The expression cannot be converted to return the specified type.
console.log: Accessibility service init or shutdown observer does not exist.
JavaScript error: https://assets.adobedtm.com/d666b72077d3e9ab07d9cb850cfc69b0100746ff/dil-contents-85c556f6d017ca50d37b42a74e7bff9375001fff.js, line 48: TypeError: e is null
[Parent 3509, Gecko_IOThread] WARNING: pipe error: Broken pipe: file /build/firefox-esr-Jz2l5x/firefox-esr-60.8.0esr/ipc/chromium/src/chrome/common/ipc_channel_posix.cc, line 694
*** UTM:SVC TimerManager:registerTimer called after profile-before-change notification. Ignoring timer registration for id: telemetry_modules_ping
1564617036735	mozrunner::runner	INFO	Running command: "/usr/bin/firefox" "-marionette" "-foreground" "-no-remote" "-profile" "/tmp/rust_mozprofile.reHOg2RbmaZs"
1564617037772	Marionette	INFO	Listening on port 44321
1564617037843	Marionette	WARN	TLS certificate errors will be ignored for this session
JavaScript error: https://www.ebay.com/sch/i.html?_from=R40&_trksid=m570.l1313&_nkw=Shoes&_sacat=0, line 1: TypeError: The expression cannot be converted to return the specified type.
JavaScript error: https://www.ebay.com/sch/i.html?_from=R40&_nkw=Shoes&_sacat=0&rt=nc&US%2520Shoe%2520Size%2520%2528Men%2527s%2529=10&_dcat=93427, line 1: TypeError: The expression cannot be converted to return the specified type.
JavaScript error: https://www.ebay.com/sch/i.html?_from=R40&_nkw=Shoes&_sacat=0&US%2520Shoe%2520Size%2520%2528Men%2527s%2529=10&rt=nc&Brand=PUMA&_dcat=93427, line 1: TypeError: The expression cannot be converted to return the specified type.
console.log: Accessibility service init or shutdown observer does not exist.
*** UTM:SVC TimerManager:registerTimer called after profile-before-change notification. Ignoring timer registration for id: telemetry_modules_ping
1564617783143	mozrunner::runner	INFO	Running command: "/usr/bin/firefox" "-marionette" "-foreground" "-no-remote" "-profile" "/tmp/rust_mozprofile.vOn6XNfN1LNo"
1564617784188	Marionette	INFO	Listening on port 37501
1564617784248	Marionette	WARN	TLS certificate errors will be ignored for this session
JavaScript error: https://www.ebay.com/sch/i.html?_from=R40&_trksid=m570.l1313&_nkw=Shoes&_sacat=0, line 1: TypeError: The expression cannot be converted to return the specified type.
console.log: Accessibility service init or shutdown observer does not exist.
*** UTM:SVC TimerManager:registerTimer called after profile-before-change notification. Ignoring timer registration for id: telemetry_modules_ping
1564617845391	mozrunner::runner	INFO	Running command: "/usr/bin/firefox" "-marionette" "-foreground" "-no-remote" "-profile" "/tmp/rust_mozprofile.9a9gnnpwAr9s"
1564617846429	Marionette	INFO	Listening on port 38073
1564617846499	Marionette	WARN	TLS certificate errors will be ignored for this session
JavaScript error: https://www.ebay.com/sch/i.html?_from=R40&_trksid=m570.l1313&_nkw=Shoes&_sacat=0, line 1: TypeError: The expression cannot be converted to return the specified type.
JavaScript error: https://www.ebay.com/sch/i.html?_from=R40&_nkw=Shoes&_sacat=0&rt=nc&US%2520Shoe%2520Size%2520%2528Men%2527s%2529=10&_dcat=93427, line 1: TypeError: The expression cannot be converted to return the specified type.
JavaScript error: https://www.ebay.com/sch/i.html?_from=R40&_nkw=Shoes&_sacat=0&US%2520Shoe%2520Size%2520%2528Men%2527s%2529=10&rt=nc&Brand=PUMA&_dcat=93427, line 1: TypeError: The expression cannot be converted to return the specified type.
JavaScript error: https://www.ebay.com/sch/i.html?_from=R40&_nkw=Shoes&_sacat=0&US%2520Shoe%2520Size%2520%2528Men%2527s%2529=10&Brand=PUMA&_dcat=93427&_sop=15, line 1: TypeError: The expression cannot be converted to return the specified type.
JavaScript error: https://assets.adobedtm.com/d666b72077d3e9ab07d9cb850cfc69b0100746ff/dil-contents-85c556f6d017ca50d37b42a74e7bff9375001fff.js, line 48: TypeError: e is null
console.log: Accessibility service init or shutdown observer does not exist.
[Parent 4901, Gecko_IOThread] WARNING: pipe error (85): Connection reset by peer: file /build/firefox-esr-Jz2l5x/firefox-esr-60.8.0esr/ipc/chromium/src/chrome/common/ipc_channel_posix.cc, line 342
*** UTM:SVC TimerManager:registerTimer called after profile-before-change notification. Ignoring timer registration for id: telemetry_modules_ping
1564618129848	mozrunner::runner	INFO	Running command: "/usr/bin/firefox" "-marionette" "-foreground" "-no-remote" "-profile" "/tmp/rust_mozprofile.MqpcdyK7syq7"
1564618130923	Marionette	INFO	Listening on port 35195
1564618130961	Marionette	WARN	TLS certificate errors will be ignored for this session
JavaScript error: https://www.ebay.com/sch/i.html?_from=R40&_trksid=m570.l1313&_nkw=Shoes&_sacat=0, line 1: TypeError: The expression cannot be converted to return the specified type.
JavaScript error: https://www.ebay.com/sch/i.html?_from=R40&_nkw=Shoes&_sacat=0&rt=nc&US%2520Shoe%2520Size%2520%2528Men%2527s%2529=10&_dcat=93427, line 1: TypeError: The expression cannot be converted to return the specified type.
JavaScript error: https://www.ebay.com/sch/i.html?_from=R40&_nkw=Shoes&_sacat=0&US%2520Shoe%2520Size%2520%2528Men%2527s%2529=10&rt=nc&Brand=PUMA&_dcat=93427, line 1: TypeError: The expression cannot be converted to return the specified type.
JavaScript error: https://www.ebay.com/sch/i.html?_from=R40&_nkw=Shoes&_sacat=0&US%2520Shoe%2520Size%2520%2528Men%2527s%2529=10&Brand=PUMA&_dcat=93427&_sop=15, line 1: TypeError: The expression cannot be converted to return the specified type.
console.log: Accessibility service init or shutdown observer does not exist.
JavaScript error: https://assets.adobedtm.com/d666b72077d3e9ab07d9cb850cfc69b0100746ff/dil-contents-85c556f6d017ca50d37b42a74e7bff9375001fff.js, line 48: TypeError: e is null
[Child 5174, Chrome_ChildThread] WARNING: pipe error: Broken pipe: file /build/firefox-esr-Jz2l5x/firefox-esr-60.8.0esr/ipc/chromium/src/chrome/common/ipc_channel_posix.cc, line 694
[Child 5174, Chrome_ChildThread] WARNING: pipe error: Broken pipe: file /build/firefox-esr-Jz2l5x/firefox-esr-60.8.0esr/ipc/chromium/src/chrome/common/ipc_channel_posix.cc, line 694
[Parent 5118, Gecko_IOThread] WARNING: pipe error (87): Connection reset by peer: file /build/firefox-esr-Jz2l5x/firefox-esr-60.8.0esr/ipc/chromium/src/chrome/common/ipc_channel_posix.cc, line 342
*** UTM:SVC TimerManager:registerTimer called after profile-before-change notification. Ignoring timer registration for id: telemetry_modules_ping
1564618222822	mozrunner::runner	INFO	Running command: "/usr/bin/firefox" "-marionette" "-foreground" "-no-remote" "-profile" "/tmp/rust_mozprofile.eTPyYj4ETWSB"
1564618223885	Marionette	INFO	Listening on port 44663
1564618223934	Marionette	WARN	TLS certificate errors will be ignored for this session
JavaScript error: https://www.ebay.com/sch/i.html?_from=R40&_trksid=m570.l1313&_nkw=Shoes&_sacat=0, line 1: TypeError: The expression cannot be converted to return the specified type.
JavaScript error: https://www.ebay.com/sch/i.html?_from=R40&_nkw=Shoes&_sacat=0&rt=nc&US%2520Shoe%2520Size%2520%2528Men%2527s%2529=10&_dcat=93427, line 1: TypeError: The expression cannot be converted to return the specified type.
JavaScript error: https://www.ebay.com/sch/i.html?_from=R40&_nkw=Shoes&_sacat=0&US%2520Shoe%2520Size%2520%2528Men%2527s%2529=10&rt=nc&Brand=PUMA&_dcat=93427, line 1: TypeError: The expression cannot be converted to return the specified type.
JavaScript error: https://www.ebay.com/sch/i.html?_from=R40&_nkw=Shoes&_sacat=0&US%2520Shoe%2520Size%2520%2528Men%2527s%2529=10&Brand=PUMA&_dcat=93427&_sop=15, line 1: TypeError: The expression cannot be converted to return the specified type.
console.log: Accessibility service init or shutdown observer does not exist.
[Child 5368, Chrome_ChildThread] WARNING: pipe error: Broken pipe: file /build/firefox-esr-Jz2l5x/firefox-esr-60.8.0esr/ipc/chromium/src/chrome/common/ipc_channel_posix.cc, line 694

###!!! [Child][RunMessage] Error: Channel closing: too late to send/recv, messages will be lost


###!!! [Child][RunMessage] Error: Channel closing: too late to send/recv, messages will be lost

*** UTM:SVC TimerManager:registerTimer called after profile-before-change notification. Ignoring timer registration for id: telemetry_modules_ping
1564618425352	mozrunner::runner	INFO	Running command: "/usr/bin/firefox" "-marionette" "-foreground" "-no-remote" "-profile" "/tmp/rust_mozprofile.7gJEEetmiJWG"
1564618426411	Marionette	INFO	Listening on port 41267
1564618426460	Marionette	WARN	TLS certificate errors will be ignored for this session
console.log: Accessibility service init or shutdown observer does not exist.
[Child 5580, Chrome_ChildThread] WARNING: pipe error: Broken pipe: file /build/firefox-esr-Jz2l5x/firefox-esr-60.8.0esr/ipc/chromium/src/chrome/common/ipc_channel_posix.cc, line 694
*** UTM:SVC TimerManager:registerTimer called after profile-before-change notification. Ignoring timer registration for id: telemetry_modules_ping
1564618428290	mozrunner::runner	INFO	Running command: "/usr/bin/firefox" "-marionette" "-foreground" "-no-remote" "-profile" "/tmp/rust_mozprofile.7GkjJW0JQs26"
1564618429333	Marionette	INFO	Listening on port 40543
1564618429394	Marionette	WARN	TLS certificate errors will be ignored for this session
JavaScript error: https://www.ebay.com/sch/i.html?_from=R40&_trksid=m570.l1313&_nkw=Shoes&_sacat=0, line 1: TypeError: The expression cannot be converted to return the specified type.
console.log: Accessibility service init or shutdown observer does not exist.
*** UTM:SVC TimerManager:registerTimer called after profile-before-change notification. Ignoring timer registration for id: telemetry_modules_ping
1564618436128	mozrunner::runner	INFO	Running command: "/usr/bin/firefox" "-marionette" "-foreground" "-no-remote" "-profile" "/tmp/rust_mozprofile.9lXtBHycQLAE"
1564618437152	Marionette	INFO	Listening on port 32987
1564618437236	Marionette	WARN	TLS certificate errors will be ignored for this session
JavaScript error: https://www.ebay.com/sch/i.html?_from=R40&_trksid=m570.l1313&_nkw=Shoes&_sacat=0, line 1: TypeError: The expression cannot be converted to return the specified type.
console.log: Accessibility service init or shutdown observer does not exist.
*** UTM:SVC TimerManager:registerTimer called after profile-before-change notification. Ignoring timer registration for id: telemetry_modules_ping
1564618443703	mozrunner::runner	INFO	Running command: "/usr/bin/firefox" "-marionette" "-foreground" "-no-remote" "-profile" "/tmp/rust_mozprofile.tETXkzOBk5nv"
1564618444742	Marionette	INFO	Listening on port 39673
1564618444809	Marionette	WARN	TLS certificate errors will be ignored for this session
JavaScript error: https://www.ebay.com/sch/i.html?_from=R40&_trksid=m570.l1313&_nkw=Shoes&_sacat=0, line 1: TypeError: The expression cannot be converted to return the specified type.
console.log: Accessibility service init or shutdown observer does not exist.
*** UTM:SVC TimerManager:registerTimer called after profile-before-change notification. Ignoring timer registration for id: telemetry_modules_ping
1564618451016	mozrunner::runner	INFO	Running command: "/usr/bin/firefox" "-marionette" "-foreground" "-no-remote" "-profile" "/tmp/rust_mozprofile.yAltMuJw1ytm"
1564618452094	Marionette	INFO	Listening on port 45061
1564618452130	Marionette	WARN	TLS certificate errors will be ignored for this session
JavaScript error: https://www.ebay.com/sch/i.html?_from=R40&_trksid=m570.l1313&_nkw=Shoes&_sacat=0, line 1: TypeError: The expression cannot be converted to return the specified type.
JavaScript error: https://www.ebay.com/sch/i.html?_from=R40&_nkw=Shoes&_sacat=0&rt=nc&US%2520Shoe%2520Size%2520%2528Men%2527s%2529=10&_dcat=93427, line 1: TypeError: The expression cannot be converted to return the specified type.
JavaScript error: https://www.ebay.com/sch/i.html?_from=R40&_nkw=Shoes&_sacat=0&US%2520Shoe%2520Size%2520%2528Men%2527s%2529=10&rt=nc&Brand=PUMA&_dcat=93427, line 1: TypeError: The expression cannot be converted to return the specified type.
console.log: Accessibility service init or shutdown observer does not exist.

###!!! [Child][RunMessage] Error: Channel closing: too late to send/recv, messages will be lost


###!!! [Child][RunMessage] Error: Channel closing: too late to send/recv, messages will be lost


###!!! [Child][RunMessage] Error: Channel closing: too late to send/recv, messages will be lost

*** UTM:SVC TimerManager:registerTimer called after profile-before-change notification. Ignoring timer registration for id: telemetry_modules_ping
